[0.135s] DEBUG:colcon:Command line arguments: ['/usr/bin/colcon', 'build']
[0.136s] DEBUG:colcon:Parsed command line arguments: Namespace(ament_cmake_args=None, base_paths=['.'], build_base='build', catkin_cmake_args=None, catkin_skip_building_tests=False, cmake_args=None, cmake_clean_cache=False, cmake_clean_first=False, cmake_force_configure=False, cmake_target=None, cmake_target_skip_unavailable=False, continue_on_error=False, event_handlers=None, executor='sequential', install_base='install', log_base=None, log_level=None, main=<bound method BuildVerb.main of <colcon_core.verb.build.BuildVerb object at 0x7f684f93b160>>, merge_install=False, paths=None, symlink_install=False, test_result_base=None, verb_extension=<colcon_core.verb.build.BuildVerb object at 0x7f684f93b160>, verb_name='build', verb_parser=CustomArgumentParser(prog='colcon build', usage=None, description='Build a set of packages.', formatter_class=<class 'colcon_core.command.CustomFormatter'>, conflict_handler='error', add_help=True))
[0.224s] Level 1:colcon.colcon_core.package_discovery:discover_packages(recursive) check parameters
[0.225s] Level 1:colcon.colcon_core.package_discovery:discover_packages(path) check parameters
[0.225s] Level 1:colcon.colcon_core.package_discovery:discover_packages(recursive) discover
[0.225s] INFO:colcon.colcon_core.package_discovery:Crawling recursively for packages in '/home/ljj/projecets'
[0.225s] Level 1:colcon.colcon_core.package_identification:_identify(.) by extensions ['ignore', 'ignore_ament_install']
[0.225s] Level 1:colcon.colcon_core.package_identification:_identify(.) by extension 'ignore'
[0.225s] Level 1:colcon.colcon_core.package_identification:_identify(.) by extension 'ignore_ament_install'
[0.225s] Level 1:colcon.colcon_core.package_identification:_identify(.) by extensions ['ros']
[0.225s] Level 1:colcon.colcon_core.package_identification:_identify(.) by extension 'ros'
[0.238s] Level 1:colcon.colcon_core.package_identification:_identify(.) by extensions ['cmake', 'python']
[0.238s] Level 1:colcon.colcon_core.package_identification:_identify(.) by extension 'cmake'
[0.238s] Level 1:colcon.colcon_core.package_identification:_identify(.) by extension 'python'
[0.238s] Level 1:colcon.colcon_core.package_identification:_identify(.) by extensions ['python_setup_py']
[0.238s] Level 1:colcon.colcon_core.package_identification:_identify(.) by extension 'python_setup_py'
[0.238s] Level 1:colcon.colcon_core.package_identification:_identify(build) by extensions ['ignore', 'ignore_ament_install']
[0.240s] Level 1:colcon.colcon_core.package_identification:_identify(build) by extension 'ignore'
[0.240s] Level 1:colcon.colcon_core.package_identification:_identify(build) ignored
[0.241s] Level 1:colcon.colcon_core.package_identification:_identify(install) by extensions ['ignore', 'ignore_ament_install']
[0.241s] Level 1:colcon.colcon_core.package_identification:_identify(install) by extension 'ignore'
[0.241s] Level 1:colcon.colcon_core.package_identification:_identify(install) ignored
[0.241s] Level 1:colcon.colcon_core.package_identification:_identify(log) by extensions ['ignore', 'ignore_ament_install']
[0.241s] Level 1:colcon.colcon_core.package_identification:_identify(log) by extension 'ignore'
[0.241s] Level 1:colcon.colcon_core.package_identification:_identify(log) ignored
[0.241s] Level 1:colcon.colcon_core.package_identification:_identify(src) by extensions ['ignore', 'ignore_ament_install']
[0.242s] Level 1:colcon.colcon_core.package_identification:_identify(src) by extension 'ignore'
[0.242s] Level 1:colcon.colcon_core.package_identification:_identify(src) by extension 'ignore_ament_install'
[0.242s] Level 1:colcon.colcon_core.package_identification:_identify(src) by extensions ['ros']
[0.242s] Level 1:colcon.colcon_core.package_identification:_identify(src) by extension 'ros'
[0.242s] Level 1:colcon.colcon_core.package_identification:_identify(src) by extensions ['cmake', 'python']
[0.242s] Level 1:colcon.colcon_core.package_identification:_identify(src) by extension 'cmake'
[0.242s] Level 1:colcon.colcon_core.package_identification:_identify(src) by extension 'python'
[0.242s] Level 1:colcon.colcon_core.package_identification:_identify(src) by extensions ['python_setup_py']
[0.242s] Level 1:colcon.colcon_core.package_identification:_identify(src) by extension 'python_setup_py'
[0.242s] Level 1:colcon.colcon_core.package_identification:_identify(src/tribot) by extensions ['ignore', 'ignore_ament_install']
[0.243s] Level 1:colcon.colcon_core.package_identification:_identify(src/tribot) by extension 'ignore'
[0.243s] Level 1:colcon.colcon_core.package_identification:_identify(src/tribot) by extension 'ignore_ament_install'
[0.243s] Level 1:colcon.colcon_core.package_identification:_identify(src/tribot) by extensions ['ros']
[0.243s] Level 1:colcon.colcon_core.package_identification:_identify(src/tribot) by extension 'ros'
[0.245s] DEBUG:colcon.colcon_core.package_identification:Package 'src/tribot' with type 'ros.ament_python' and name 'tribot'
[0.245s] Level 1:colcon.colcon_core.package_discovery:discover_packages(recursive) using defaults
[0.245s] Level 1:colcon.colcon_core.package_discovery:discover_packages(path) discover
[0.245s] Level 1:colcon.colcon_core.package_discovery:discover_packages(path) using defaults
[0.280s] Level 5:colcon.colcon_core.verb:set package 'tribot' build argument 'cmake_args' from command line to 'None'
[0.280s] Level 5:colcon.colcon_core.verb:set package 'tribot' build argument 'cmake_target' from command line to 'None'
[0.280s] Level 5:colcon.colcon_core.verb:set package 'tribot' build argument 'cmake_target_skip_unavailable' from command line to 'False'
[0.280s] Level 5:colcon.colcon_core.verb:set package 'tribot' build argument 'cmake_clean_cache' from command line to 'False'
[0.280s] Level 5:colcon.colcon_core.verb:set package 'tribot' build argument 'cmake_clean_first' from command line to 'False'
[0.280s] Level 5:colcon.colcon_core.verb:set package 'tribot' build argument 'cmake_force_configure' from command line to 'False'
[0.280s] Level 5:colcon.colcon_core.verb:set package 'tribot' build argument 'ament_cmake_args' from command line to 'None'
[0.280s] Level 5:colcon.colcon_core.verb:set package 'tribot' build argument 'catkin_cmake_args' from command line to 'None'
[0.280s] Level 5:colcon.colcon_core.verb:set package 'tribot' build argument 'catkin_skip_building_tests' from command line to 'False'
[0.280s] DEBUG:colcon.colcon_core.verb:Building package 'tribot' with the following arguments: {'ament_cmake_args': None, 'build_base': '/home/ljj/projecets/build/tribot', 'catkin_cmake_args': None, 'catkin_skip_building_tests': False, 'cmake_args': None, 'cmake_clean_cache': False, 'cmake_clean_first': False, 'cmake_force_configure': False, 'cmake_target': None, 'cmake_target_skip_unavailable': False, 'install_base': '/home/ljj/projecets/install/tribot', 'merge_install': False, 'path': '/home/ljj/projecets/src/tribot', 'symlink_install': False, 'test_result_base': None}
[0.281s] INFO:colcon.colcon_core.executor:Executing jobs using 'sequential' executor
[0.288s] DEBUG:colcon.colcon_core.executor.sequential:run_until_complete 'tribot'
[0.289s] INFO:colcon.colcon_ros.task.ament_python.build:Building ROS package in '/home/ljj/projecets/src/tribot' with build type 'ament_python'
[0.289s] Level 1:colcon.colcon_core.shell:create_environment_hook('tribot', 'ament_prefix_path')
[0.299s] INFO:colcon.colcon_core.plugin_system:Skipping extension 'colcon_core.shell.bat': Not used on non-Windows systems
[0.299s] INFO:colcon.colcon_core.shell:Creating environment descriptor '/home/ljj/projecets/install/tribot/share/tribot/hook/ament_prefix_path.dsv'
[0.301s] INFO:colcon.colcon_core.shell:Creating environment hook '/home/ljj/projecets/install/tribot/share/tribot/hook/ament_prefix_path.sh'
[0.309s] DEBUG:colcon.colcon_core.shell:Skip shell extension 'dsv' for command environment
[0.669s] INFO:colcon.colcon_core.task.python.build:Building Python package in '/home/ljj/projecets/src/tribot'
[0.674s] DEBUG:colcon.colcon_core.shell:Skip shell extension 'dsv' for command environment
[1.623s] DEBUG:colcon.colcon_core.event_handler.log_command:Invoking command in '/home/ljj/projecets/src/tribot': PYTHONPATH=/home/ljj/projecets/install/tribot/lib/python3.8/site-packages:${PYTHONPATH} /usr/bin/python3 setup.py egg_info --egg-base ../../build/tribot build --build-base /home/ljj/projecets/build/tribot/build install --prefix /home/ljj/projecets/install/tribot --record /home/ljj/projecets/build/tribot/install.log --single-version-externally-managed
[2.177s] DEBUG:colcon.colcon_core.event_handler.log_command:Invoked command in '/home/ljj/projecets/src/tribot' returned '0': PYTHONPATH=/home/ljj/projecets/install/tribot/lib/python3.8/site-packages:${PYTHONPATH} /usr/bin/python3 setup.py egg_info --egg-base ../../build/tribot build --build-base /home/ljj/projecets/build/tribot/build install --prefix /home/ljj/projecets/install/tribot --record /home/ljj/projecets/build/tribot/install.log --single-version-externally-managed
[2.262s] Level 1:colcon.colcon_core.environment:checking '/home/ljj/projecets/install/tribot' for CMake module files
[2.262s] Level 1:colcon.colcon_core.environment:checking '/home/ljj/projecets/install/tribot' for CMake config files
[2.265s] Level 1:colcon.colcon_core.environment:checking '/home/ljj/projecets/install/tribot/lib'
[2.265s] Level 1:colcon.colcon_core.environment:checking '/home/ljj/projecets/install/tribot/bin'
[2.265s] Level 1:colcon.colcon_core.environment:checking '/home/ljj/projecets/install/tribot/lib/pkgconfig/tribot.pc'
[2.266s] Level 1:colcon.colcon_core.environment:checking '/home/ljj/projecets/install/tribot/lib/python3.8/site-packages'
[2.266s] Level 1:colcon.colcon_core.shell:create_environment_hook('tribot', 'pythonpath')
[2.266s] INFO:colcon.colcon_core.shell:Creating environment descriptor '/home/ljj/projecets/install/tribot/share/tribot/hook/pythonpath.dsv'
[2.267s] INFO:colcon.colcon_core.shell:Creating environment hook '/home/ljj/projecets/install/tribot/share/tribot/hook/pythonpath.sh'
[2.271s] Level 1:colcon.colcon_core.environment:checking '/home/ljj/projecets/install/tribot/bin'
[2.271s] Level 1:colcon.colcon_core.environment:create_environment_scripts_only(tribot)
[2.272s] INFO:colcon.colcon_core.shell:Creating package descriptor '/home/ljj/projecets/install/tribot/share/tribot/package.dsv'
[2.275s] INFO:colcon.colcon_core.shell:Creating package script '/home/ljj/projecets/install/tribot/share/tribot/package.sh'
[2.281s] Level 1:colcon.colcon_core.environment:create_file_with_runtime_dependencies(/home/ljj/projecets/install/tribot/share/colcon-core/packages/tribot)
[2.281s] DEBUG:colcon.colcon_core.executor.sequential:run_until_complete 'tribot' finished with '0'
[2.282s] DEBUG:colcon.colcon_core.executor.sequential:closing loop
[2.285s] DEBUG:colcon.colcon_core.executor.sequential:loop closed
[2.285s] DEBUG:colcon.colcon_core.event_reactor:joining thread
[2.286s] DEBUG:colcon.colcon_core.event_reactor:joined thread
[2.287s] INFO:colcon.colcon_core.shell:Creating prefix script '/home/ljj/projecets/install/local_setup.sh'
[2.293s] INFO:colcon.colcon_core.shell:Creating prefix util module '/home/ljj/projecets/install/_local_setup_util_sh.py'
[2.313s] INFO:colcon.colcon_core.shell:Creating prefix chain script '/home/ljj/projecets/install/setup.sh'
