[0.073s] DEBUG:colcon:Command line arguments: ['/usr/bin/colcon', 'build']
[0.074s] DEBUG:colcon:Parsed command line arguments: Namespace(ament_cmake_args=None, base_paths=['.'], build_base='build', catkin_cmake_args=None, catkin_skip_building_tests=False, cmake_args=None, cmake_clean_cache=False, cmake_clean_first=False, cmake_force_configure=False, cmake_target=None, cmake_target_skip_unavailable=False, continue_on_error=False, event_handlers=None, executor='sequential', install_base='install', log_base=None, log_level=None, main=<bound method BuildVerb.main of <colcon_core.verb.build.BuildVerb object at 0x7fd9825ef190>>, merge_install=False, paths=None, symlink_install=False, test_result_base=None, verb_extension=<colcon_core.verb.build.BuildVerb object at 0x7fd9825ef190>, verb_name='build', verb_parser=CustomArgumentParser(prog='colcon build', usage=None, description='Build a set of packages.', formatter_class=<class 'colcon_core.command.CustomFormatter'>, conflict_handler='error', add_help=True))
[0.104s] Level 1:colcon.colcon_core.package_discovery:discover_packages(recursive) check parameters
[0.105s] Level 1:colcon.colcon_core.package_discovery:discover_packages(path) check parameters
[0.105s] Level 1:colcon.colcon_core.package_discovery:discover_packages(recursive) discover
[0.105s] INFO:colcon.colcon_core.package_discovery:Crawling recursively for packages in '/home/ljj/projecets'
[0.105s] Level 1:colcon.colcon_core.package_identification:_identify(.) by extensions ['ignore', 'ignore_ament_install']
[0.105s] Level 1:colcon.colcon_core.package_identification:_identify(.) by extension 'ignore'
[0.105s] Level 1:colcon.colcon_core.package_identification:_identify(.) by extension 'ignore_ament_install'
[0.105s] Level 1:colcon.colcon_core.package_identification:_identify(.) by extensions ['ros']
[0.105s] Level 1:colcon.colcon_core.package_identification:_identify(.) by extension 'ros'
[0.120s] Level 1:colcon.colcon_core.package_identification:_identify(.) by extensions ['cmake', 'python']
[0.120s] Level 1:colcon.colcon_core.package_identification:_identify(.) by extension 'cmake'
[0.120s] Level 1:colcon.colcon_core.package_identification:_identify(.) by extension 'python'
[0.121s] Level 1:colcon.colcon_core.package_identification:_identify(.) by extensions ['python_setup_py']
[0.121s] Level 1:colcon.colcon_core.package_identification:_identify(.) by extension 'python_setup_py'
[0.121s] Level 1:colcon.colcon_core.package_identification:_identify(build) by extensions ['ignore', 'ignore_ament_install']
[0.121s] Level 1:colcon.colcon_core.package_identification:_identify(build) by extension 'ignore'
[0.121s] Level 1:colcon.colcon_core.package_identification:_identify(build) ignored
[0.121s] Level 1:colcon.colcon_core.package_identification:_identify(install) by extensions ['ignore', 'ignore_ament_install']
[0.121s] Level 1:colcon.colcon_core.package_identification:_identify(install) by extension 'ignore'
[0.121s] Level 1:colcon.colcon_core.package_identification:_identify(install) ignored
[0.121s] Level 1:colcon.colcon_core.package_identification:_identify(log) by extensions ['ignore', 'ignore_ament_install']
[0.122s] Level 1:colcon.colcon_core.package_identification:_identify(log) by extension 'ignore'
[0.122s] Level 1:colcon.colcon_core.package_identification:_identify(log) ignored
[0.122s] Level 1:colcon.colcon_core.package_identification:_identify(src) by extensions ['ignore', 'ignore_ament_install']
[0.122s] Level 1:colcon.colcon_core.package_identification:_identify(src) by extension 'ignore'
[0.122s] Level 1:colcon.colcon_core.package_identification:_identify(src) by extension 'ignore_ament_install'
[0.122s] Level 1:colcon.colcon_core.package_identification:_identify(src) by extensions ['ros']
[0.122s] Level 1:colcon.colcon_core.package_identification:_identify(src) by extension 'ros'
[0.122s] Level 1:colcon.colcon_core.package_identification:_identify(src) by extensions ['cmake', 'python']
[0.122s] Level 1:colcon.colcon_core.package_identification:_identify(src) by extension 'cmake'
[0.122s] Level 1:colcon.colcon_core.package_identification:_identify(src) by extension 'python'
[0.122s] Level 1:colcon.colcon_core.package_identification:_identify(src) by extensions ['python_setup_py']
[0.122s] Level 1:colcon.colcon_core.package_identification:_identify(src) by extension 'python_setup_py'
[0.122s] Level 1:colcon.colcon_core.package_identification:_identify(src/tribot) by extensions ['ignore', 'ignore_ament_install']
[0.122s] Level 1:colcon.colcon_core.package_identification:_identify(src/tribot) by extension 'ignore'
[0.123s] Level 1:colcon.colcon_core.package_identification:_identify(src/tribot) by extension 'ignore_ament_install'
[0.123s] Level 1:colcon.colcon_core.package_identification:_identify(src/tribot) by extensions ['ros']
[0.123s] Level 1:colcon.colcon_core.package_identification:_identify(src/tribot) by extension 'ros'
[0.125s] DEBUG:colcon.colcon_core.package_identification:Found ROS schema reference in package manifest in 'src/tribot'
[0.125s] WARNING:colcon.colcon_core.package_identification:Failed to parse ROS package manifest in 'src/tribot': Error(s) in package 'src/tribot/package.xml':
Error(s):
- The "buildtool_depend" tag must not contain the following children: exec_depend, exec_depend, exec_depend, exec_depend
[0.125s] Level 1:colcon.colcon_core.package_identification:_identify(src/tribot) by extensions ['cmake', 'python']
[0.125s] Level 1:colcon.colcon_core.package_identification:_identify(src/tribot) by extension 'cmake'
[0.126s] Level 1:colcon.colcon_core.package_identification:_identify(src/tribot) by extension 'python'
[0.126s] DEBUG:colcon.colcon_core.package_identification:Python package in 'src/tribot' passes arguments to the setup() function which requires a different identification extension than 'python'
[0.126s] Level 1:colcon.colcon_core.package_identification:_identify(src/tribot) by extensions ['python_setup_py']
[0.126s] Level 1:colcon.colcon_core.package_identification:_identify(src/tribot) by extension 'python_setup_py'
[0.396s] DEBUG:colcon.colcon_core.package_identification:Package 'src/tribot' with type 'python' and name 'tribot'
[0.396s] Level 1:colcon.colcon_core.package_discovery:discover_packages(recursive) using defaults
[0.396s] Level 1:colcon.colcon_core.package_discovery:discover_packages(path) discover
[0.396s] Level 1:colcon.colcon_core.package_discovery:discover_packages(path) using defaults
[0.428s] Level 5:colcon.colcon_core.verb:set package 'tribot' build argument 'cmake_args' from command line to 'None'
[0.428s] Level 5:colcon.colcon_core.verb:set package 'tribot' build argument 'cmake_target' from command line to 'None'
[0.428s] Level 5:colcon.colcon_core.verb:set package 'tribot' build argument 'cmake_target_skip_unavailable' from command line to 'False'
[0.428s] Level 5:colcon.colcon_core.verb:set package 'tribot' build argument 'cmake_clean_cache' from command line to 'False'
[0.428s] Level 5:colcon.colcon_core.verb:set package 'tribot' build argument 'cmake_clean_first' from command line to 'False'
[0.428s] Level 5:colcon.colcon_core.verb:set package 'tribot' build argument 'cmake_force_configure' from command line to 'False'
[0.428s] Level 5:colcon.colcon_core.verb:set package 'tribot' build argument 'ament_cmake_args' from command line to 'None'
[0.428s] Level 5:colcon.colcon_core.verb:set package 'tribot' build argument 'catkin_cmake_args' from command line to 'None'
[0.428s] Level 5:colcon.colcon_core.verb:set package 'tribot' build argument 'catkin_skip_building_tests' from command line to 'False'
[0.428s] DEBUG:colcon.colcon_core.verb:Building package 'tribot' with the following arguments: {'ament_cmake_args': None, 'build_base': '/home/ljj/projecets/build/tribot', 'catkin_cmake_args': None, 'catkin_skip_building_tests': False, 'cmake_args': None, 'cmake_clean_cache': False, 'cmake_clean_first': False, 'cmake_force_configure': False, 'cmake_target': None, 'cmake_target_skip_unavailable': False, 'install_base': '/home/ljj/projecets/install/tribot', 'merge_install': False, 'path': '/home/ljj/projecets/src/tribot', 'symlink_install': False, 'test_result_base': None}
[0.429s] INFO:colcon.colcon_core.executor:Executing jobs using 'sequential' executor
[0.431s] DEBUG:colcon.colcon_core.executor.sequential:run_until_complete 'tribot'
[0.431s] INFO:colcon.colcon_core.task.python.build:Building Python package in '/home/ljj/projecets/src/tribot'
[0.437s] INFO:colcon.colcon_core.plugin_system:Skipping extension 'colcon_core.shell.bat': Not used on non-Windows systems
[0.437s] DEBUG:colcon.colcon_core.shell:Skip shell extension 'dsv' for command environment
[1.315s] DEBUG:colcon.colcon_core.event_handler.log_command:Invoking command in '/home/ljj/projecets/src/tribot': PYTHONPATH=/home/ljj/projecets/install/tribot/lib/python3.8/site-packages:${PYTHONPATH} /usr/bin/python3 setup.py egg_info --egg-base ../../build/tribot build --build-base /home/ljj/projecets/build/tribot/build install --prefix /home/ljj/projecets/install/tribot --record /home/ljj/projecets/build/tribot/install.log --single-version-externally-managed
[1.727s] DEBUG:colcon.colcon_core.event_handler.log_command:Invoked command in '/home/ljj/projecets/src/tribot' returned '0': PYTHONPATH=/home/ljj/projecets/install/tribot/lib/python3.8/site-packages:${PYTHONPATH} /usr/bin/python3 setup.py egg_info --egg-base ../../build/tribot build --build-base /home/ljj/projecets/build/tribot/build install --prefix /home/ljj/projecets/install/tribot --record /home/ljj/projecets/build/tribot/install.log --single-version-externally-managed
[1.734s] Level 1:colcon.colcon_core.environment:checking '/home/ljj/projecets/install/tribot' for CMake module files
[1.735s] Level 1:colcon.colcon_core.environment:checking '/home/ljj/projecets/install/tribot' for CMake config files
[1.736s] Level 1:colcon.colcon_core.environment:checking '/home/ljj/projecets/install/tribot/lib'
[1.736s] Level 1:colcon.colcon_core.environment:checking '/home/ljj/projecets/install/tribot/bin'
[1.736s] Level 1:colcon.colcon_core.environment:checking '/home/ljj/projecets/install/tribot/lib/pkgconfig/tribot.pc'
[1.737s] Level 1:colcon.colcon_core.environment:checking '/home/ljj/projecets/install/tribot/lib/python3.8/site-packages'
[1.737s] Level 1:colcon.colcon_core.shell:create_environment_hook('tribot', 'pythonpath')
[1.738s] INFO:colcon.colcon_core.shell:Creating environment descriptor '/home/ljj/projecets/install/tribot/share/tribot/hook/pythonpath.dsv'
[1.739s] INFO:colcon.colcon_core.shell:Creating environment hook '/home/ljj/projecets/install/tribot/share/tribot/hook/pythonpath.sh'
[1.741s] Level 1:colcon.colcon_core.environment:checking '/home/ljj/projecets/install/tribot/bin'
[1.741s] Level 1:colcon.colcon_core.environment:create_environment_scripts_only(tribot)
[1.743s] INFO:colcon.colcon_core.shell:Creating package descriptor '/home/ljj/projecets/install/tribot/share/tribot/package.dsv'
[1.744s] INFO:colcon.colcon_core.shell:Creating package script '/home/ljj/projecets/install/tribot/share/tribot/package.sh'
[1.745s] Level 1:colcon.colcon_core.environment:create_file_with_runtime_dependencies(/home/ljj/projecets/install/tribot/share/colcon-core/packages/tribot)
[1.746s] DEBUG:colcon.colcon_core.executor.sequential:run_until_complete 'tribot' finished with '0'
[1.746s] DEBUG:colcon.colcon_core.executor.sequential:closing loop
[1.746s] DEBUG:colcon.colcon_core.executor.sequential:loop closed
[1.746s] DEBUG:colcon.colcon_core.event_reactor:joining thread
[1.746s] DEBUG:colcon.colcon_core.event_reactor:joined thread
[1.748s] INFO:colcon.colcon_core.shell:Creating prefix script '/home/ljj/projecets/install/local_setup.sh'
[1.749s] INFO:colcon.colcon_core.shell:Creating prefix util module '/home/ljj/projecets/install/_local_setup_util_sh.py'
[1.751s] INFO:colcon.colcon_core.shell:Creating prefix chain script '/home/ljj/projecets/install/setup.sh'
