[0.147s] DEBUG:colcon:Command line arguments: ['/usr/bin/colcon', 'build']
[0.148s] DEBUG:colcon:Parsed command line arguments: Namespace(ament_cmake_args=None, base_paths=['.'], build_base='build', catkin_cmake_args=None, catkin_skip_building_tests=False, cmake_args=None, cmake_clean_cache=False, cmake_clean_first=False, cmake_force_configure=False, cmake_target=None, cmake_target_skip_unavailable=False, continue_on_error=False, event_handlers=None, executor='sequential', install_base='install', log_base=None, log_level=None, main=<bound method BuildVerb.main of <colcon_core.verb.build.BuildVerb object at 0x7fd0b768a310>>, merge_install=False, paths=None, symlink_install=False, test_result_base=None, verb_extension=<colcon_core.verb.build.BuildVerb object at 0x7fd0b768a310>, verb_name='build', verb_parser=CustomArgumentParser(prog='colcon build', usage=None, description='Build a set of packages.', formatter_class=<class 'colcon_core.command.CustomFormatter'>, conflict_handler='error', add_help=True))
[0.223s] Level 1:colcon.colcon_core.package_discovery:discover_packages(recursive) check parameters
[0.223s] Level 1:colcon.colcon_core.package_discovery:discover_packages(path) check parameters
[0.224s] Level 1:colcon.colcon_core.package_discovery:discover_packages(recursive) discover
[0.224s] INFO:colcon.colcon_core.package_discovery:Crawling recursively for packages in '/home/ljj/projecets'
[0.224s] Level 1:colcon.colcon_core.package_identification:_identify(.) by extensions ['ignore', 'ignore_ament_install']
[0.224s] Level 1:colcon.colcon_core.package_identification:_identify(.) by extension 'ignore'
[0.224s] Level 1:colcon.colcon_core.package_identification:_identify(.) by extension 'ignore_ament_install'
[0.224s] Level 1:colcon.colcon_core.package_identification:_identify(.) by extensions ['ros']
[0.224s] Level 1:colcon.colcon_core.package_identification:_identify(.) by extension 'ros'
[0.364s] Level 1:colcon.colcon_core.package_identification:_identify(.) by extensions ['cmake', 'python']
[0.365s] Level 1:colcon.colcon_core.package_identification:_identify(.) by extension 'cmake'
[0.372s] Level 1:colcon.colcon_core.package_identification:_identify(.) by extension 'python'
[0.373s] Level 1:colcon.colcon_core.package_identification:_identify(.) by extensions ['python_setup_py']
[0.373s] Level 1:colcon.colcon_core.package_identification:_identify(.) by extension 'python_setup_py'
[0.373s] Level 1:colcon.colcon_core.package_identification:_identify(build) by extensions ['ignore', 'ignore_ament_install']
[0.373s] Level 1:colcon.colcon_core.package_identification:_identify(build) by extension 'ignore'
[0.373s] Level 1:colcon.colcon_core.package_identification:_identify(build) ignored
[0.373s] Level 1:colcon.colcon_core.package_identification:_identify(install) by extensions ['ignore', 'ignore_ament_install']
[0.373s] Level 1:colcon.colcon_core.package_identification:_identify(install) by extension 'ignore'
[0.380s] Level 1:colcon.colcon_core.package_identification:_identify(install) ignored
[0.380s] Level 1:colcon.colcon_core.package_identification:_identify(log) by extensions ['ignore', 'ignore_ament_install']
[0.380s] Level 1:colcon.colcon_core.package_identification:_identify(log) by extension 'ignore'
[0.380s] Level 1:colcon.colcon_core.package_identification:_identify(log) ignored
[0.380s] Level 1:colcon.colcon_core.package_identification:_identify(src) by extensions ['ignore', 'ignore_ament_install']
[0.380s] Level 1:colcon.colcon_core.package_identification:_identify(src) by extension 'ignore'
[0.380s] Level 1:colcon.colcon_core.package_identification:_identify(src) by extension 'ignore_ament_install'
[0.380s] Level 1:colcon.colcon_core.package_identification:_identify(src) by extensions ['ros']
[0.381s] Level 1:colcon.colcon_core.package_identification:_identify(src) by extension 'ros'
[0.381s] Level 1:colcon.colcon_core.package_identification:_identify(src) by extensions ['cmake', 'python']
[0.381s] Level 1:colcon.colcon_core.package_identification:_identify(src) by extension 'cmake'
[0.381s] Level 1:colcon.colcon_core.package_identification:_identify(src) by extension 'python'
[0.381s] Level 1:colcon.colcon_core.package_identification:_identify(src) by extensions ['python_setup_py']
[0.381s] Level 1:colcon.colcon_core.package_identification:_identify(src) by extension 'python_setup_py'
[0.383s] Level 1:colcon.colcon_core.package_identification:_identify(src/tribot) by extensions ['ignore', 'ignore_ament_install']
[0.383s] Level 1:colcon.colcon_core.package_identification:_identify(src/tribot) by extension 'ignore'
[0.383s] Level 1:colcon.colcon_core.package_identification:_identify(src/tribot) by extension 'ignore_ament_install'
[0.383s] Level 1:colcon.colcon_core.package_identification:_identify(src/tribot) by extensions ['ros']
[0.383s] Level 1:colcon.colcon_core.package_identification:_identify(src/tribot) by extension 'ros'
[0.389s] DEBUG:colcon.colcon_core.package_identification:Package 'src/tribot' with type 'ros.ament_python' and name 'tribot'
[0.391s] Level 1:colcon.colcon_core.package_discovery:discover_packages(recursive) using defaults
[0.391s] Level 1:colcon.colcon_core.package_discovery:discover_packages(path) discover
[0.391s] Level 1:colcon.colcon_core.package_discovery:discover_packages(path) using defaults
[0.444s] Level 5:colcon.colcon_core.verb:set package 'tribot' build argument 'cmake_args' from command line to 'None'
[0.444s] Level 5:colcon.colcon_core.verb:set package 'tribot' build argument 'cmake_target' from command line to 'None'
[0.445s] Level 5:colcon.colcon_core.verb:set package 'tribot' build argument 'cmake_target_skip_unavailable' from command line to 'False'
[0.445s] Level 5:colcon.colcon_core.verb:set package 'tribot' build argument 'cmake_clean_cache' from command line to 'False'
[0.445s] Level 5:colcon.colcon_core.verb:set package 'tribot' build argument 'cmake_clean_first' from command line to 'False'
[0.445s] Level 5:colcon.colcon_core.verb:set package 'tribot' build argument 'cmake_force_configure' from command line to 'False'
[0.448s] Level 5:colcon.colcon_core.verb:set package 'tribot' build argument 'ament_cmake_args' from command line to 'None'
[0.448s] Level 5:colcon.colcon_core.verb:set package 'tribot' build argument 'catkin_cmake_args' from command line to 'None'
[0.449s] Level 5:colcon.colcon_core.verb:set package 'tribot' build argument 'catkin_skip_building_tests' from command line to 'False'
[0.449s] DEBUG:colcon.colcon_core.verb:Building package 'tribot' with the following arguments: {'ament_cmake_args': None, 'build_base': '/home/ljj/projecets/build/tribot', 'catkin_cmake_args': None, 'catkin_skip_building_tests': False, 'cmake_args': None, 'cmake_clean_cache': False, 'cmake_clean_first': False, 'cmake_force_configure': False, 'cmake_target': None, 'cmake_target_skip_unavailable': False, 'install_base': '/home/ljj/projecets/install/tribot', 'merge_install': False, 'path': '/home/ljj/projecets/src/tribot', 'symlink_install': False, 'test_result_base': None}
[0.452s] INFO:colcon.colcon_core.executor:Executing jobs using 'sequential' executor
[0.477s] DEBUG:colcon.colcon_core.executor.sequential:run_until_complete 'tribot'
[0.480s] INFO:colcon.colcon_ros.task.ament_python.build:Building ROS package in '/home/ljj/projecets/src/tribot' with build type 'ament_python'
[0.481s] Level 1:colcon.colcon_core.shell:create_environment_hook('tribot', 'ament_prefix_path')
[0.502s] INFO:colcon.colcon_core.plugin_system:Skipping extension 'colcon_core.shell.bat': Not used on non-Windows systems
[0.502s] INFO:colcon.colcon_core.shell:Creating environment descriptor '/home/ljj/projecets/install/tribot/share/tribot/hook/ament_prefix_path.dsv'
[0.504s] INFO:colcon.colcon_core.shell:Creating environment hook '/home/ljj/projecets/install/tribot/share/tribot/hook/ament_prefix_path.sh'
[0.512s] DEBUG:colcon.colcon_core.shell:Skip shell extension 'dsv' for command environment
[1.222s] INFO:colcon.colcon_core.task.python.build:Building Python package in '/home/ljj/projecets/src/tribot'
[1.223s] DEBUG:colcon.colcon_core.shell:Skip shell extension 'dsv' for command environment
[2.259s] DEBUG:colcon.colcon_core.event_handler.log_command:Invoking command in '/home/ljj/projecets/src/tribot': PYTHONPATH=/home/ljj/projecets/install/tribot/lib/python3.8/site-packages:${PYTHONPATH} /usr/bin/python3 setup.py egg_info --egg-base ../../build/tribot build --build-base /home/ljj/projecets/build/tribot/build install --prefix /home/ljj/projecets/install/tribot --record /home/ljj/projecets/build/tribot/install.log --single-version-externally-managed
[3.107s] Level 1:colcon.colcon_core.environment:checking '/home/ljj/projecets/install/tribot' for CMake module files
[3.107s] DEBUG:colcon.colcon_core.event_handler.log_command:Invoked command in '/home/ljj/projecets/src/tribot' returned '0': PYTHONPATH=/home/ljj/projecets/install/tribot/lib/python3.8/site-packages:${PYTHONPATH} /usr/bin/python3 setup.py egg_info --egg-base ../../build/tribot build --build-base /home/ljj/projecets/build/tribot/build install --prefix /home/ljj/projecets/install/tribot --record /home/ljj/projecets/build/tribot/install.log --single-version-externally-managed
[3.108s] Level 1:colcon.colcon_core.environment:checking '/home/ljj/projecets/install/tribot' for CMake config files
[3.109s] Level 1:colcon.colcon_core.environment:checking '/home/ljj/projecets/install/tribot/lib'
[3.109s] Level 1:colcon.colcon_core.environment:checking '/home/ljj/projecets/install/tribot/bin'
[3.109s] Level 1:colcon.colcon_core.environment:checking '/home/ljj/projecets/install/tribot/lib/pkgconfig/tribot.pc'
[3.110s] Level 1:colcon.colcon_core.environment:checking '/home/ljj/projecets/install/tribot/lib/python3.8/site-packages'
[3.110s] Level 1:colcon.colcon_core.shell:create_environment_hook('tribot', 'pythonpath')
[3.111s] INFO:colcon.colcon_core.shell:Creating environment descriptor '/home/ljj/projecets/install/tribot/share/tribot/hook/pythonpath.dsv'
[3.111s] INFO:colcon.colcon_core.shell:Creating environment hook '/home/ljj/projecets/install/tribot/share/tribot/hook/pythonpath.sh'
[3.120s] Level 1:colcon.colcon_core.environment:checking '/home/ljj/projecets/install/tribot/bin'
[3.120s] Level 1:colcon.colcon_core.environment:create_environment_scripts_only(tribot)
[3.123s] INFO:colcon.colcon_core.shell:Creating package descriptor '/home/ljj/projecets/install/tribot/share/tribot/package.dsv'
[3.127s] INFO:colcon.colcon_core.shell:Creating package script '/home/ljj/projecets/install/tribot/share/tribot/package.sh'
[3.134s] Level 1:colcon.colcon_core.environment:create_file_with_runtime_dependencies(/home/ljj/projecets/install/tribot/share/colcon-core/packages/tribot)
[3.140s] DEBUG:colcon.colcon_core.executor.sequential:run_until_complete 'tribot' finished with '0'
[3.140s] DEBUG:colcon.colcon_core.executor.sequential:closing loop
[3.143s] DEBUG:colcon.colcon_core.executor.sequential:loop closed
[3.149s] DEBUG:colcon.colcon_core.event_reactor:joining thread
[3.157s] DEBUG:colcon.colcon_core.event_reactor:joined thread
[3.160s] INFO:colcon.colcon_core.shell:Creating prefix script '/home/ljj/projecets/install/local_setup.sh'
[3.163s] INFO:colcon.colcon_core.shell:Creating prefix util module '/home/ljj/projecets/install/_local_setup_util_sh.py'
[3.165s] INFO:colcon.colcon_core.shell:Creating prefix chain script '/home/ljj/projecets/install/setup.sh'
